<?xml version="1.0" encoding="UTF-8"?>
<!-- Generated by org.testng.reporters.JUnitReportReporter -->
<testsuite hostname="Asus-lap" failures="0" tests="13" name="jerseyFlow.Functionalities" time="228.890" errors="0" timestamp="2023-02-21T10:09:36 IST" skipped="0">
  <testcase classname="jerseyFlow.Functionalities" name="login" time="25.794"/>
  <system-out/>
  <testcase classname="jerseyFlow.Functionalities" name="initialStart" time="9.194"/>
  <system-out/>
  <testcase classname="jerseyFlow.Functionalities" name="jerseyflow" time="31.336"/>
  <system-out/>
  <testcase classname="jerseyFlow.Functionalities" name="jeseyCollorTypes" time="31.473"/>
  <system-out/>
  <testcase classname="jerseyFlow.Functionalities" name="jerseyBackSide" time="10.486"/>
  <system-out/>
  <testcase classname="jerseyFlow.Functionalities" name="jerseyLog" time="6.525"/>
  <system-out/>
  <testcase classname="jerseyFlow.Functionalities" name="jerseyLogoPositions" time="8.452"/>
  <system-out/>
  <testcase classname="jerseyFlow.Functionalities" name="jerseyView" time="32.667"/>
  <system-out/>
  <testcase classname="jerseyFlow.Functionalities" name="addJereseyTitle" time="7.430"/>
  <system-out/>
  <testcase classname="jerseyFlow.Functionalities" name="orderScreen" time="31.856"/>
  <system-out/>
  <testcase classname="jerseyFlow.Functionalities" name="addNewAddress" time="20.230"/>
  <system-out/>
  <testcase classname="jerseyFlow.Functionalities" name="continueButton" time="8.348"/>
  <system-out/>
  <testcase classname="jerseyFlow.Functionalities" name="backButtons" time="5.099"/>
  <system-out/>
</testsuite> <!-- jerseyFlow.Functionalities -->
